2019-06-16 06:59:40,263 INFO org.springframework.boot.StartupInfoLogger [JavaFX-Launcher] Starting application on rafal-Precision-M4600 with PID 13598 (started by rafal in /home/rafal/windows/Programowanie/praca_dodatkowa/dir_sync/dir.sync.client)
2019-06-16 06:59:40,267 INFO org.springframework.boot.SpringApplication [JavaFX-Launcher] No active profile set, falling back to default profiles: default
2019-06-16 06:59:40,836 INFO org.springframework.context.support.PostProcessorRegistrationDelegate$BeanPostProcessorChecker [JavaFX-Launcher] Bean 'org.springframework.kafka.annotation.KafkaBootstrapConfiguration' of type [org.springframework.kafka.annotation.KafkaBootstrapConfiguration$$EnhancerBySpringCGLIB$$cf6011df] is not eligible for getting processed by all BeanPostProcessors (for example: not eligible for auto-proxying)
2019-06-16 06:59:40,922 INFO org.springframework.scheduling.concurrent.ExecutorConfigurationSupport [JavaFX-Launcher] Initializing ExecutorService
2019-06-16 06:59:40,926 INFO org.springframework.scheduling.concurrent.ExecutorConfigurationSupport [JavaFX-Launcher] Initializing ExecutorService 'taskExecutor'
2019-06-16 06:59:41,409 INFO org.springframework.boot.StartupInfoLogger [JavaFX-Launcher] Started application in 1.564 seconds (JVM running for 2.602)
2019-06-16 06:59:48,580 INFO org.springframework.scheduling.concurrent.ExecutorConfigurationSupport [JavaFX Application Thread] Shutting down ExecutorService 'taskExecutor'
2019-06-16 07:00:53,521 INFO org.springframework.boot.StartupInfoLogger [JavaFX-Launcher] Starting application on rafal-Precision-M4600 with PID 13708 (started by rafal in /home/rafal/windows/Programowanie/praca_dodatkowa/dir_sync/dir.sync.client)
2019-06-16 07:00:53,531 INFO org.springframework.boot.SpringApplication [JavaFX-Launcher] No active profile set, falling back to default profiles: default
2019-06-16 07:00:54,193 INFO org.springframework.context.support.PostProcessorRegistrationDelegate$BeanPostProcessorChecker [JavaFX-Launcher] Bean 'org.springframework.kafka.annotation.KafkaBootstrapConfiguration' of type [org.springframework.kafka.annotation.KafkaBootstrapConfiguration$$EnhancerBySpringCGLIB$$24fca3e8] is not eligible for getting processed by all BeanPostProcessors (for example: not eligible for auto-proxying)
2019-06-16 07:00:54,237 WARN org.springframework.context.support.AbstractApplicationContext [JavaFX-Launcher] Exception encountered during context initialization - cancelling refresh attempt: org.springframework.beans.factory.BeanCreationException: Error creating bean with name 'dirSenderService' defined in file [/home/rafal/windows/Programowanie/praca_dodatkowa/dir_sync/dir.sync.client/target/classes/pl/dic/sync/client/service/DirSenderService.class]: Instantiation of bean failed; nested exception is org.springframework.beans.BeanInstantiationException: Failed to instantiate [pl.dic.sync.client.service.DirSenderService]: Constructor threw exception; nested exception is java.lang.Error: Unresolved compilation problems: 
	The type org.slf4j.Logger is not accessible
	org.slf4j cannot be resolved
	log cannot be resolved

2019-06-16 07:00:54,251 INFO org.springframework.boot.autoconfigure.logging.ConditionEvaluationReportLoggingListener [JavaFX-Launcher] 

Error starting ApplicationContext. To display the conditions report re-run your application with 'debug' enabled.
2019-06-16 07:00:54,256 ERROR org.springframework.boot.SpringApplication [JavaFX-Launcher] Application run failed
org.springframework.beans.factory.BeanCreationException: Error creating bean with name 'dirSenderService' defined in file [/home/rafal/windows/Programowanie/praca_dodatkowa/dir_sync/dir.sync.client/target/classes/pl/dic/sync/client/service/DirSenderService.class]: Instantiation of bean failed; nested exception is org.springframework.beans.BeanInstantiationException: Failed to instantiate [pl.dic.sync.client.service.DirSenderService]: Constructor threw exception; nested exception is java.lang.Error: Unresolved compilation problems: 
	The type org.slf4j.Logger is not accessible
	org.slf4j cannot be resolved
	log cannot be resolved

	at spring.beans@5.1.7.RELEASE/org.springframework.beans.factory.support.AbstractAutowireCapableBeanFactory.instantiateBean(AbstractAutowireCapableBeanFactory.java:1303)
	at spring.beans@5.1.7.RELEASE/org.springframework.beans.factory.support.AbstractAutowireCapableBeanFactory.createBeanInstance(AbstractAutowireCapableBeanFactory.java:1197)
	at spring.beans@5.1.7.RELEASE/org.springframework.beans.factory.support.AbstractAutowireCapableBeanFactory.doCreateBean(AbstractAutowireCapableBeanFactory.java:555)
	at spring.beans@5.1.7.RELEASE/org.springframework.beans.factory.support.AbstractAutowireCapableBeanFactory.createBean(AbstractAutowireCapableBeanFactory.java:515)
	at spring.beans@5.1.7.RELEASE/org.springframework.beans.factory.support.AbstractBeanFactory.lambda$doGetBean$0(AbstractBeanFactory.java:320)
	at spring.beans@5.1.7.RELEASE/org.springframework.beans.factory.support.DefaultSingletonBeanRegistry.getSingleton(DefaultSingletonBeanRegistry.java:222)
	at spring.beans@5.1.7.RELEASE/org.springframework.beans.factory.support.AbstractBeanFactory.doGetBean(AbstractBeanFactory.java:318)
	at spring.beans@5.1.7.RELEASE/org.springframework.beans.factory.support.AbstractBeanFactory.getBean(AbstractBeanFactory.java:199)
	at spring.beans@5.1.7.RELEASE/org.springframework.beans.factory.support.DefaultListableBeanFactory.preInstantiateSingletons(DefaultListableBeanFactory.java:843)
	at spring.context@5.1.7.RELEASE/org.springframework.context.support.AbstractApplicationContext.finishBeanFactoryInitialization(AbstractApplicationContext.java:877)
	at spring.context@5.1.7.RELEASE/org.springframework.context.support.AbstractApplicationContext.refresh(AbstractApplicationContext.java:549)
	at spring.boot@2.1.5.RELEASE/org.springframework.boot.SpringApplication.refresh(SpringApplication.java:775)
	at spring.boot@2.1.5.RELEASE/org.springframework.boot.SpringApplication.refreshContext(SpringApplication.java:397)
	at spring.boot@2.1.5.RELEASE/org.springframework.boot.SpringApplication.run(SpringApplication.java:316)
	at spring.boot@2.1.5.RELEASE/org.springframework.boot.SpringApplication.run(SpringApplication.java:1260)
	at spring.boot@2.1.5.RELEASE/org.springframework.boot.SpringApplication.run(SpringApplication.java:1248)
	at dir.sync.client/pl.dic.sync.client.Main.init(Main.java:29)
	at javafx.graphics/com.sun.javafx.application.LauncherImpl.launchApplication1(LauncherImpl.java:824)
	at javafx.graphics/com.sun.javafx.application.LauncherImpl.lambda$launchApplication$2(LauncherImpl.java:195)
	at java.base/java.lang.Thread.run(Thread.java:834)
Caused by: org.springframework.beans.BeanInstantiationException: Failed to instantiate [pl.dic.sync.client.service.DirSenderService]: Constructor threw exception; nested exception is java.lang.Error: Unresolved compilation problems: 
	The type org.slf4j.Logger is not accessible
	org.slf4j cannot be resolved
	log cannot be resolved

	at spring.beans@5.1.7.RELEASE/org.springframework.beans.BeanUtils.instantiateClass(BeanUtils.java:184)
	at spring.beans@5.1.7.RELEASE/org.springframework.beans.factory.support.SimpleInstantiationStrategy.instantiate(SimpleInstantiationStrategy.java:87)
	at spring.beans@5.1.7.RELEASE/org.springframework.beans.factory.support.AbstractAutowireCapableBeanFactory.instantiateBean(AbstractAutowireCapableBeanFactory.java:1295)
	... 19 common frames omitted
Caused by: java.lang.Error: Unresolved compilation problems: 
	The type org.slf4j.Logger is not accessible
	org.slf4j cannot be resolved
	log cannot be resolved

	at dir.sync.client/pl.dic.sync.client.service.DirSenderService.<init>(DirSenderService.java:26)
	at java.base/jdk.internal.reflect.NativeConstructorAccessorImpl.newInstance0(Native Method)
	at java.base/jdk.internal.reflect.NativeConstructorAccessorImpl.newInstance(NativeConstructorAccessorImpl.java:62)
	at java.base/jdk.internal.reflect.DelegatingConstructorAccessorImpl.newInstance(DelegatingConstructorAccessorImpl.java:45)
	at java.base/java.lang.reflect.Constructor.newInstance(Constructor.java:490)
	at spring.beans@5.1.7.RELEASE/org.springframework.beans.BeanUtils.instantiateClass(BeanUtils.java:172)
	... 21 common frames omitted
2019-06-16 07:01:32,047 INFO org.springframework.boot.StartupInfoLogger [JavaFX-Launcher] Starting application on rafal-Precision-M4600 with PID 13783 (started by rafal in /home/rafal/windows/Programowanie/praca_dodatkowa/dir_sync/dir.sync.client)
2019-06-16 07:01:32,051 INFO org.springframework.boot.SpringApplication [JavaFX-Launcher] No active profile set, falling back to default profiles: default
2019-06-16 07:01:32,696 INFO org.springframework.context.support.PostProcessorRegistrationDelegate$BeanPostProcessorChecker [JavaFX-Launcher] Bean 'org.springframework.kafka.annotation.KafkaBootstrapConfiguration' of type [org.springframework.kafka.annotation.KafkaBootstrapConfiguration$$EnhancerBySpringCGLIB$$fafb32ba] is not eligible for getting processed by all BeanPostProcessors (for example: not eligible for auto-proxying)
2019-06-16 07:01:32,765 INFO org.springframework.scheduling.concurrent.ExecutorConfigurationSupport [JavaFX-Launcher] Initializing ExecutorService
2019-06-16 07:01:32,769 INFO org.springframework.scheduling.concurrent.ExecutorConfigurationSupport [JavaFX-Launcher] Initializing ExecutorService 'taskExecutor'
2019-06-16 07:01:33,350 INFO org.springframework.boot.StartupInfoLogger [JavaFX-Launcher] Started application in 1.797 seconds (JVM running for 2.977)
2019-06-16 07:01:40,175 INFO pl.dic.sync.client.service.DirSenderService [DirSyncThreadGroup-1] Path being watched: /home/rafal/tmp/input
2019-06-16 07:02:45,345 INFO org.springframework.scheduling.concurrent.ExecutorConfigurationSupport [JavaFX Application Thread] Shutting down ExecutorService 'taskExecutor'
2019-06-16 07:02:54,255 INFO org.springframework.boot.StartupInfoLogger [JavaFX-Launcher] Starting application on rafal-Precision-M4600 with PID 13888 (started by rafal in /home/rafal/windows/Programowanie/praca_dodatkowa/dir_sync/dir.sync.client)
2019-06-16 07:02:54,259 INFO org.springframework.boot.SpringApplication [JavaFX-Launcher] No active profile set, falling back to default profiles: default
2019-06-16 07:02:54,955 INFO org.springframework.context.support.PostProcessorRegistrationDelegate$BeanPostProcessorChecker [JavaFX-Launcher] Bean 'org.springframework.kafka.annotation.KafkaBootstrapConfiguration' of type [org.springframework.kafka.annotation.KafkaBootstrapConfiguration$$EnhancerBySpringCGLIB$$f4996626] is not eligible for getting processed by all BeanPostProcessors (for example: not eligible for auto-proxying)
2019-06-16 07:02:55,035 WARN org.springframework.context.support.AbstractApplicationContext [JavaFX-Launcher] Exception encountered during context initialization - cancelling refresh attempt: org.springframework.beans.factory.BeanCreationException: Error creating bean with name 'dirSenderService' defined in file [/home/rafal/windows/Programowanie/praca_dodatkowa/dir_sync/dir.sync.client/target/classes/pl/dic/sync/client/service/DirSenderService.class]: Instantiation of bean failed; nested exception is org.springframework.beans.BeanInstantiationException: Failed to instantiate [pl.dic.sync.client.service.DirSenderService]: Constructor threw exception; nested exception is java.lang.Error: Unresolved compilation problems: 
	The type org.slf4j.Logger is not accessible
	org.slf4j cannot be resolved
	log cannot be resolved

2019-06-16 07:02:55,048 INFO org.springframework.boot.autoconfigure.logging.ConditionEvaluationReportLoggingListener [JavaFX-Launcher] 

Error starting ApplicationContext. To display the conditions report re-run your application with 'debug' enabled.
2019-06-16 07:02:55,054 ERROR org.springframework.boot.SpringApplication [JavaFX-Launcher] Application run failed
org.springframework.beans.factory.BeanCreationException: Error creating bean with name 'dirSenderService' defined in file [/home/rafal/windows/Programowanie/praca_dodatkowa/dir_sync/dir.sync.client/target/classes/pl/dic/sync/client/service/DirSenderService.class]: Instantiation of bean failed; nested exception is org.springframework.beans.BeanInstantiationException: Failed to instantiate [pl.dic.sync.client.service.DirSenderService]: Constructor threw exception; nested exception is java.lang.Error: Unresolved compilation problems: 
	The type org.slf4j.Logger is not accessible
	org.slf4j cannot be resolved
	log cannot be resolved

	at spring.beans@5.1.7.RELEASE/org.springframework.beans.factory.support.AbstractAutowireCapableBeanFactory.instantiateBean(AbstractAutowireCapableBeanFactory.java:1303)
	at spring.beans@5.1.7.RELEASE/org.springframework.beans.factory.support.AbstractAutowireCapableBeanFactory.createBeanInstance(AbstractAutowireCapableBeanFactory.java:1197)
	at spring.beans@5.1.7.RELEASE/org.springframework.beans.factory.support.AbstractAutowireCapableBeanFactory.doCreateBean(AbstractAutowireCapableBeanFactory.java:555)
	at spring.beans@5.1.7.RELEASE/org.springframework.beans.factory.support.AbstractAutowireCapableBeanFactory.createBean(AbstractAutowireCapableBeanFactory.java:515)
	at spring.beans@5.1.7.RELEASE/org.springframework.beans.factory.support.AbstractBeanFactory.lambda$doGetBean$0(AbstractBeanFactory.java:320)
	at spring.beans@5.1.7.RELEASE/org.springframework.beans.factory.support.DefaultSingletonBeanRegistry.getSingleton(DefaultSingletonBeanRegistry.java:222)
	at spring.beans@5.1.7.RELEASE/org.springframework.beans.factory.support.AbstractBeanFactory.doGetBean(AbstractBeanFactory.java:318)
	at spring.beans@5.1.7.RELEASE/org.springframework.beans.factory.support.AbstractBeanFactory.getBean(AbstractBeanFactory.java:199)
	at spring.beans@5.1.7.RELEASE/org.springframework.beans.factory.support.DefaultListableBeanFactory.preInstantiateSingletons(DefaultListableBeanFactory.java:843)
	at spring.context@5.1.7.RELEASE/org.springframework.context.support.AbstractApplicationContext.finishBeanFactoryInitialization(AbstractApplicationContext.java:877)
	at spring.context@5.1.7.RELEASE/org.springframework.context.support.AbstractApplicationContext.refresh(AbstractApplicationContext.java:549)
	at spring.boot@2.1.5.RELEASE/org.springframework.boot.SpringApplication.refresh(SpringApplication.java:775)
	at spring.boot@2.1.5.RELEASE/org.springframework.boot.SpringApplication.refreshContext(SpringApplication.java:397)
	at spring.boot@2.1.5.RELEASE/org.springframework.boot.SpringApplication.run(SpringApplication.java:316)
	at spring.boot@2.1.5.RELEASE/org.springframework.boot.SpringApplication.run(SpringApplication.java:1260)
	at spring.boot@2.1.5.RELEASE/org.springframework.boot.SpringApplication.run(SpringApplication.java:1248)
	at dir.sync.client/pl.dic.sync.client.Main.init(Main.java:29)
	at javafx.graphics/com.sun.javafx.application.LauncherImpl.launchApplication1(LauncherImpl.java:824)
	at javafx.graphics/com.sun.javafx.application.LauncherImpl.lambda$launchApplication$2(LauncherImpl.java:195)
	at java.base/java.lang.Thread.run(Thread.java:834)
Caused by: org.springframework.beans.BeanInstantiationException: Failed to instantiate [pl.dic.sync.client.service.DirSenderService]: Constructor threw exception; nested exception is java.lang.Error: Unresolved compilation problems: 
	The type org.slf4j.Logger is not accessible
	org.slf4j cannot be resolved
	log cannot be resolved

	at spring.beans@5.1.7.RELEASE/org.springframework.beans.BeanUtils.instantiateClass(BeanUtils.java:184)
	at spring.beans@5.1.7.RELEASE/org.springframework.beans.factory.support.SimpleInstantiationStrategy.instantiate(SimpleInstantiationStrategy.java:87)
	at spring.beans@5.1.7.RELEASE/org.springframework.beans.factory.support.AbstractAutowireCapableBeanFactory.instantiateBean(AbstractAutowireCapableBeanFactory.java:1295)
	... 19 common frames omitted
Caused by: java.lang.Error: Unresolved compilation problems: 
	The type org.slf4j.Logger is not accessible
	org.slf4j cannot be resolved
	log cannot be resolved

	at dir.sync.client/pl.dic.sync.client.service.DirSenderService.<init>(DirSenderService.java:26)
	at java.base/jdk.internal.reflect.NativeConstructorAccessorImpl.newInstance0(Native Method)
	at java.base/jdk.internal.reflect.NativeConstructorAccessorImpl.newInstance(NativeConstructorAccessorImpl.java:62)
	at java.base/jdk.internal.reflect.DelegatingConstructorAccessorImpl.newInstance(DelegatingConstructorAccessorImpl.java:45)
	at java.base/java.lang.reflect.Constructor.newInstance(Constructor.java:490)
	at spring.beans@5.1.7.RELEASE/org.springframework.beans.BeanUtils.instantiateClass(BeanUtils.java:172)
	... 21 common frames omitted
2019-06-16 07:17:00,403 INFO org.springframework.boot.StartupInfoLogger [JavaFX-Launcher] Starting application on rafal-Precision-M4600 with PID 14684 (started by rafal in /home/rafal/windows/Programowanie/praca_dodatkowa/dir_sync/dir.sync.client)
2019-06-16 07:17:00,407 INFO org.springframework.boot.SpringApplication [JavaFX-Launcher] No active profile set, falling back to default profiles: default
2019-06-16 07:17:01,123 INFO org.springframework.context.support.PostProcessorRegistrationDelegate$BeanPostProcessorChecker [JavaFX-Launcher] Bean 'org.springframework.kafka.annotation.KafkaBootstrapConfiguration' of type [org.springframework.kafka.annotation.KafkaBootstrapConfiguration$$EnhancerBySpringCGLIB$$dfcbfa29] is not eligible for getting processed by all BeanPostProcessors (for example: not eligible for auto-proxying)
2019-06-16 07:17:01,187 INFO org.springframework.scheduling.concurrent.ExecutorConfigurationSupport [JavaFX-Launcher] Initializing ExecutorService
2019-06-16 07:17:01,190 INFO org.springframework.scheduling.concurrent.ExecutorConfigurationSupport [JavaFX-Launcher] Initializing ExecutorService 'taskExecutor'
2019-06-16 07:17:01,560 INFO org.springframework.boot.StartupInfoLogger [JavaFX-Launcher] Started application in 1.579 seconds (JVM running for 2.69)
2019-06-16 07:17:03,896 INFO org.springframework.scheduling.concurrent.ExecutorConfigurationSupport [JavaFX Application Thread] Shutting down ExecutorService 'taskExecutor'
2019-06-16 07:17:13,980 INFO org.springframework.boot.StartupInfoLogger [JavaFX-Launcher] Starting application on rafal-Precision-M4600 with PID 14770 (started by rafal in /home/rafal/windows/Programowanie/praca_dodatkowa/dir_sync/dir.sync.client)
2019-06-16 07:17:13,984 INFO org.springframework.boot.SpringApplication [JavaFX-Launcher] No active profile set, falling back to default profiles: default
2019-06-16 07:17:14,593 INFO org.springframework.context.support.PostProcessorRegistrationDelegate$BeanPostProcessorChecker [JavaFX-Launcher] Bean 'org.springframework.kafka.annotation.KafkaBootstrapConfiguration' of type [org.springframework.kafka.annotation.KafkaBootstrapConfiguration$$EnhancerBySpringCGLIB$$448be440] is not eligible for getting processed by all BeanPostProcessors (for example: not eligible for auto-proxying)
2019-06-16 07:17:14,658 INFO org.springframework.scheduling.concurrent.ExecutorConfigurationSupport [JavaFX-Launcher] Initializing ExecutorService
2019-06-16 07:17:14,661 INFO org.springframework.scheduling.concurrent.ExecutorConfigurationSupport [JavaFX-Launcher] Initializing ExecutorService 'taskExecutor'
2019-06-16 07:17:15,173 INFO org.springframework.boot.StartupInfoLogger [JavaFX-Launcher] Started application in 1.601 seconds (JVM running for 2.667)
2019-06-16 07:17:23,151 INFO pl.dic.sync.client.service.DirSenderService [DirSyncThreadGroup-1] Path being watched: /home/rafal/tmp/input
2019-06-16 07:17:23,153 INFO pl.dic.sync.client.service.DirSenderService [DirSyncThreadGroup-1] Kind: /home/rafal/tmp/input, Context: asdf5, Count: 1
2019-06-16 07:17:35,456 INFO org.springframework.scheduling.concurrent.ExecutorConfigurationSupport [JavaFX Application Thread] Shutting down ExecutorService 'taskExecutor'
